<?xml version="1.0" encoding="UTF-8"?>
<testng-results ignored="0" total="1" passed="1" failed="0" skipped="0">
  <reporter-output>
  </reporter-output>
  <suite started-at="2025-09-15T15:26:06 IST" name="Suite" finished-at="2025-09-15T15:26:13 IST" duration-ms="7712">
    <groups>
      <group name="Master">
        <method signature="TC_LoginTest.verifyLogin()[pri:0, instance:testCases.TC_LoginTest@75e91545]" name="verifyLogin" class="testCases.TC_LoginTest"/>
      </group> <!-- Master -->
      <group name="Regression">
        <method signature="TC_LoginTest.verifyLogin()[pri:0, instance:testCases.TC_LoginTest@75e91545]" name="verifyLogin" class="testCases.TC_LoginTest"/>
      </group> <!-- Regression -->
    </groups>
    <test started-at="2025-09-15T15:26:06 IST" name="Test" finished-at="2025-09-15T15:26:13 IST" duration-ms="7712">
      <class name="testCases.TC_LoginTest">
        <test-method is-config="true" signature="setUp(java.lang.String,java.lang.String)[pri:0, instance:testCases.TC_LoginTest@75e91545]" started-at="2025-09-15T15:26:06 IST" name="setUp" finished-at="2025-09-15T15:26:09 IST" duration-ms="2939" status="PASS">
          <params>
            <param index="0">
              <value>
                <![CDATA[Windows]]>
              </value>
            </param>
            <param index="1">
              <value>
                <![CDATA[Chrome]]>
              </value>
            </param>
          </params>
          <reporter-output>
          </reporter-output>
        </test-method> <!-- setUp -->
        <test-method signature="verifyLogin()[pri:0, instance:testCases.TC_LoginTest@75e91545]" started-at="2025-09-15T15:26:09 IST" name="verifyLogin" finished-at="2025-09-15T15:26:13 IST" duration-ms="3843" status="PASS">
          <reporter-output>
          </reporter-output>
        </test-method> <!-- verifyLogin -->
        <test-method is-config="true" signature="tearDown()[pri:0, instance:testCases.TC_LoginTest@75e91545]" started-at="2025-09-15T15:26:13 IST" name="tearDown" finished-at="2025-09-15T15:26:13 IST" duration-ms="681" status="PASS">
          <reporter-output>
          </reporter-output>
        </test-method> <!-- tearDown -->
      </class> <!-- testCases.TC_LoginTest -->
    </test> <!-- Test -->
  </suite> <!-- Suite -->
</testng-results>
